<?xml version="1.0" encoding="UTF-8"?>
<testng-results skipped="0" failed="0" ignored="0" total="1" passed="1">
  <reporter-output>
  </reporter-output>
  <suite name="Suite" duration-ms="97" started-at="2021-11-09T20:18:43 IST" finished-at="2021-11-09T20:18:44 IST">
    <groups>
    </groups>
    <test name="Test" duration-ms="97" started-at="2021-11-09T20:18:43 IST" finished-at="2021-11-09T20:18:44 IST">
      <class name="com.naresh.automation.scripts.Demo">
        <test-method status="PASS" signature="demo()[pri:0, instance:com.naresh.automation.scripts.Demo@60c6f5b]" name="demo" duration-ms="9" started-at="2021-11-09T20:18:44 IST" finished-at="2021-11-09T20:18:44 IST">
          <reporter-output>
          </reporter-output>
        </test-method> <!-- demo -->
      </class> <!-- com.naresh.automation.scripts.Demo -->
    </test> <!-- Test -->
  </suite> <!-- Suite -->
</testng-results>
